2019-06-20T13:13:00 Checking update-file '/usr/share/apps/kconf_update/kded.upd' for new updates
2019-06-20T13:13:00 kded.upd: Found new update 'kde3.0'
2019-06-20T13:13:00 kded.upd: File 'kdedrc' does not exist or empty, skipping
2019-06-20T13:13:00 Checking update-file '/usr/share/apps/kconf_update/ksslcertificatemanager.upd' for new updates
2019-06-20T13:13:00 ksslcertificatemanager.upd: Found new update 'kde4.2'
2019-06-20T13:13:00 ksslcertificatemanager.upd: Running script 'ksslcertificatemanager.upd.sh'
2019-06-20T13:13:00 [Script] rm: cannot remove '/home/m-panarin/.kde4//share/config/ksslcertificatemanager': No such file or directory
2019-06-20T13:13:00 ksslcertificatemanager.upd: !! An error occurred while running 'sh /usr/share/apps/kconf_update/ksslcertificatemanager.upd.sh'
2019-06-20T13:13:00 Checking update-file '/usr/share/apps/kconf_update/kcookiescfg.upd' for new updates
2019-06-20T13:13:00 kcookiescfg.upd: Found new update 'kde2.2/b1'
2019-06-20T13:13:00 kcookiescfg.upd: File 'kcookiejarrc' does not exist or empty, skipping
2019-06-20T13:13:00 kcookiescfg.upd: Found new update 'kde3.1/cvs'
2019-06-20T13:13:00 kcookiescfg.upd: File 'kcookiejarrc' does not exist or empty, skipping
2019-06-20T13:13:00 kcookiescfg.upd: Found new update 'kde4.10/git'
2019-06-20T13:13:00 kcookiescfg.upd: File 'kcookiejarrc' does not exist or empty, skipping
2019-06-20T13:13:00 Checking update-file '/usr/share/apps/kconf_update/kioslave.upd' for new updates
2019-06-20T13:13:00 kioslave.upd: Found new update 'kde2.2/r1'
2019-06-20T13:13:00 kioslave.upd: File 'kioslaverc' does not exist or empty, skipping
2019-06-20T13:13:00 kioslave.upd: Skipping update 'kde2.2/r1'
2019-06-20T13:13:00 kioslave.upd: File 'kioslaverc' does not exist or empty, skipping
2019-06-20T13:13:00 kioslave.upd: Found new update 'kde2.2/r2'
2019-06-20T13:13:00 kioslave.upd: File 'kioslaverc' does not exist or empty, skipping
2019-06-20T13:13:00 kioslave.upd: Found new update 'kde2.2/r3'
2019-06-20T13:13:00 kioslave.upd: File 'kioslaverc' does not exist or empty, skipping
2019-06-20T13:13:00 Checking update-file '/usr/share/apps/kconf_update/kio_help.upd' for new updates
2019-06-20T13:13:00 kio_help.upd: Found new update 'kde3_2'
2019-06-20T13:13:00 kio_help.upd: Running script 'move_kio_help_cache.sh'
2019-06-20T13:13:00 [Script] mv: cannot stat '/home/m-panarin/.kde4/share/apps/kio_help/cache': No such file or directory
2019-06-20T13:13:00 [Script] rmdir: failed to remove '/home/m-panarin/.kde4/share/apps/kio_help': No such file or directory
